  clinic.c
C:\Users\henri\OneDrive\Ambiente de Trabalho\Seneca CPA\IPC 144 - Introduction to Programming Using C\Workshops\AS01\A1\MS3\clinic.c(255,46): warning C4133: 'function': incompatible types - from 'Appointment *' to 'ClinicData *'
C:\Users\henri\OneDrive\Ambiente de Trabalho\Seneca CPA\IPC 144 - Introduction to Programming Using C\Workshops\AS01\A1\MS3\clinic.c(255,69): warning C4047: 'function': 'ClinicData *' differs in levels of indirection from 'int'
C:\Users\henri\OneDrive\Ambiente de Trabalho\Seneca CPA\IPC 144 - Introduction to Programming Using C\Workshops\AS01\A1\MS3\clinic.c(255,52): warning C4024: 'addAppointment': different types for formal and actual parameter 2
C:\Users\henri\OneDrive\Ambiente de Trabalho\Seneca CPA\IPC 144 - Introduction to Programming Using C\Workshops\AS01\A1\MS3\clinic.c(256,42): warning C4133: 'function': incompatible types - from 'Patient *' to 'ClinicData *'
C:\Users\henri\OneDrive\Ambiente de Trabalho\Seneca CPA\IPC 144 - Introduction to Programming Using C\Workshops\AS01\A1\MS3\clinic.c(256,60): warning C4047: 'function': 'ClinicData *' differs in levels of indirection from 'int'
C:\Users\henri\OneDrive\Ambiente de Trabalho\Seneca CPA\IPC 144 - Introduction to Programming Using C\Workshops\AS01\A1\MS3\clinic.c(256,48): warning C4024: 'addAppointment': different types for formal and actual parameter 4
C:\Users\henri\OneDrive\Ambiente de Trabalho\Seneca CPA\IPC 144 - Introduction to Programming Using C\Workshops\AS01\A1\MS3\clinic.c(260,49): warning C4133: 'function': incompatible types - from 'Appointment *' to 'ClinicData *'
C:\Users\henri\OneDrive\Ambiente de Trabalho\Seneca CPA\IPC 144 - Introduction to Programming Using C\Workshops\AS01\A1\MS3\clinic.c(260,72): warning C4047: 'function': 'ClinicData *' differs in levels of indirection from 'int'
C:\Users\henri\OneDrive\Ambiente de Trabalho\Seneca CPA\IPC 144 - Introduction to Programming Using C\Workshops\AS01\A1\MS3\clinic.c(260,55): warning C4024: 'removeAppointment': different types for formal and actual parameter 2
C:\Users\henri\OneDrive\Ambiente de Trabalho\Seneca CPA\IPC 144 - Introduction to Programming Using C\Workshops\AS01\A1\MS3\clinic.c(261,45): warning C4133: 'function': incompatible types - from 'Patient *' to 'ClinicData *'
C:\Users\henri\OneDrive\Ambiente de Trabalho\Seneca CPA\IPC 144 - Introduction to Programming Using C\Workshops\AS01\A1\MS3\clinic.c(261,63): warning C4047: 'function': 'ClinicData *' differs in levels of indirection from 'int'
C:\Users\henri\OneDrive\Ambiente de Trabalho\Seneca CPA\IPC 144 - Introduction to Programming Using C\Workshops\AS01\A1\MS3\clinic.c(261,51): warning C4024: 'removeAppointment': different types for formal and actual parameter 4
C:\Users\henri\OneDrive\Ambiente de Trabalho\Seneca CPA\IPC 144 - Introduction to Programming Using C\Workshops\AS01\A1\MS3\clinic.c(470,37): warning C4047: 'function': 'const Date *' differs in levels of indirection from 'const ClinicData **'
C:\Users\henri\OneDrive\Ambiente de Trabalho\Seneca CPA\IPC 144 - Introduction to Programming Using C\Workshops\AS01\A1\MS3\clinic.c(470,32): warning C4024: 'displayScheduleTableHeader': different types for formal and actual parameter 1
C:\Users\henri\OneDrive\Ambiente de Trabalho\Seneca CPA\IPC 144 - Introduction to Programming Using C\Workshops\AS01\A1\MS3\clinic.c(628,16): warning C4477: 'printf' : format string '%s' requires an argument of type 'char *', but variadic argument 1 has type 'Phone'
C:\Users\henri\OneDrive\Ambiente de Trabalho\Seneca CPA\IPC 144 - Introduction to Programming Using C\Workshops\AS01\A1\MS3\clinic.c(637,63): warning C4047: 'function': 'char *' differs in levels of indirection from 'int'
C:\Users\henri\OneDrive\Ambiente de Trabalho\Seneca CPA\IPC 144 - Introduction to Programming Using C\Workshops\AS01\A1\MS3\clinic.c(637,58): warning C4024: 'strcpy': different types for formal and actual parameter 1
C:\Users\henri\OneDrive\Ambiente de Trabalho\Seneca CPA\IPC 144 - Introduction to Programming Using C\Workshops\AS01\A1\MS3\clinic.c(638,64): warning C4047: 'function': 'char *' differs in levels of indirection from 'int'
C:\Users\henri\OneDrive\Ambiente de Trabalho\Seneca CPA\IPC 144 - Introduction to Programming Using C\Workshops\AS01\A1\MS3\clinic.c(638,58): warning C4024: 'strcpy': different types for formal and actual parameter 1
C:\Users\henri\OneDrive\Ambiente de Trabalho\Seneca CPA\IPC 144 - Introduction to Programming Using C\Workshops\AS01\A1\MS3\clinic.c(639,62): warning C4047: 'function': 'char *' differs in levels of indirection from 'int'
C:\Users\henri\OneDrive\Ambiente de Trabalho\Seneca CPA\IPC 144 - Introduction to Programming Using C\Workshops\AS01\A1\MS3\clinic.c(639,58): warning C4024: 'strcpy': different types for formal and actual parameter 1
C:\Users\henri\OneDrive\Ambiente de Trabalho\Seneca CPA\IPC 144 - Introduction to Programming Using C\Workshops\AS01\A1\MS3\clinic.c(640,63): warning C4047: 'function': 'char *' differs in levels of indirection from 'int'
C:\Users\henri\OneDrive\Ambiente de Trabalho\Seneca CPA\IPC 144 - Introduction to Programming Using C\Workshops\AS01\A1\MS3\clinic.c(640,58): warning C4024: 'strcpy': different types for formal and actual parameter 1
C:\Users\henri\OneDrive\Ambiente de Trabalho\Seneca CPA\IPC 144 - Introduction to Programming Using C\Workshops\AS01\A1\MS3\clinic.c(641,62): warning C4047: 'function': 'char *' differs in levels of indirection from 'int'
C:\Users\henri\OneDrive\Ambiente de Trabalho\Seneca CPA\IPC 144 - Introduction to Programming Using C\Workshops\AS01\A1\MS3\clinic.c(641,58): warning C4024: 'strcpy': different types for formal and actual parameter 1
C:\Users\henri\OneDrive\Ambiente de Trabalho\Seneca CPA\IPC 144 - Introduction to Programming Using C\Workshops\AS01\A1\MS3\clinic.c(1009,10): warning C4101: 'ch': unreferenced local variable
  a1ms3.vcxproj -> C:\Users\henri\OneDrive\Ambiente de Trabalho\Seneca CPA\IPC 144 - Introduction to Programming Using C\Workshops\AS01\A1\MS3\x64\Debug\a1ms3.exe
